#
# There is insufficient memory for the Java Runtime Environment to continue.
# Native memory allocation (malloc) failed to allocate 94288 bytes for Chunk::new
# Possible reasons:
#   The system is out of physical RAM or swap space
#   The process is running with CompressedOops enabled, and the Java Heap may be blocking the growth of the native heap
# Possible solutions:
#   Reduce memory load on the system
#   Increase physical memory or swap space
#   Check if swap backing store is full
#   Decrease Java heap size (-Xmx/-Xms)
#   Decrease number of Java threads
#   Decrease Java thread stack sizes (-Xss)
#   Set larger code cache with -XX:ReservedCodeCacheSize=
#   JVM is running with Unscaled Compressed Oops mode in which the Java heap is
#     placed in the first 4GB address space. The Java Heap base address is the
#     maximum limit for the native heap growth. Please use -XX:HeapBaseMinAddress
#     to set the Java Heap base and to place the Java Heap above 4GB virtual address.
# This output file may be truncated or incomplete.
#
#  Out of Memory Error (arena.cpp:189), pid=21016, tid=13540
#
# JRE version: Java(TM) SE Runtime Environment (17.0.12+8) (build 17.0.12+8-LTS-286)
# Java VM: Java HotSpot(TM) 64-Bit Server VM (17.0.12+8-LTS-286, mixed mode, sharing, tiered, compressed oops, compressed class ptrs, g1 gc, windows-amd64)
# No core dump will be written. Minidumps are not enabled by default on client versions of Windows
#

---------------  S U M M A R Y ------------

Command Line: -agentlib:jdwp=transport=dt_socket,server=n,suspend=y,address=127.0.0.1:50801 -Dfile.encoding=windows-1252 -Duser.country=US -Duser.language=en -Duser.variant com.tangle.payrollapp.PayrollmanagmentapplicationApplication

Host: Intel(R) Core(TM) i3-1005G1 CPU @ 1.20GHz, 4 cores, 3G,  Windows 11 , 64 bit Build 22621 (10.0.22621.3672)
Time: Sun Aug 11 22:30:43 2024 India Standard Time elapsed time: 152.629972 seconds (0d 0h 2m 32s)

---------------  T H R E A D  ---------------

Current thread (0x000002467ff46320):  JavaThread "C2 CompilerThread0" daemon [_thread_in_native, id=13540, stack(0x000000de9e200000,0x000000de9e300000)]


Current CompileTask:
C2: 152630 4764       4       org.springframework.core.ResolvableType::forType (112 bytes)

Stack: [0x000000de9e200000,0x000000de9e300000]
Native frames: (J=compiled Java code, j=interpreted, Vv=VM code, C=native code)
V  [jvm.dll+0x67a04a]
V  [jvm.dll+0x7da4ed]
V  [jvm.dll+0x7dbe33]
V  [jvm.dll+0x7dc4a3]
V  [jvm.dll+0x24508f]
V  [jvm.dll+0xab773]
V  [jvm.dll+0xabd3c]
V  [jvm.dll+0x581e76]
V  [jvm.dll+0x21f422]
V  [jvm.dll+0x21837b]
V  [jvm.dll+0x215b65]
V  [jvm.dll+0x1a2960]
V  [jvm.dll+0x22610b]
V  [jvm.dll+0x2242ab]
V  [jvm.dll+0x79075c]
V  [jvm.dll+0x78abea]
V  [jvm.dll+0x678f35]
C  [ucrtbase.dll+0x29333]
C  [KERNEL32.DLL+0x1257d]
C  [ntdll.dll+0x5af28]


---------------  P R O C E S S  ---------------

Threads class SMR info:
_java_thread_list=0x00000246481fd040, length=30, elements={
0x0000024666e003d0, 0x000002467ff2b250, 0x000002467ff2be10, 0x000002467ff3f010,
0x000002467ff3ffe0, 0x000002467ff40ba0, 0x000002467ff45580, 0x000002467ff46320,
0x000002467ff49d00, 0x000002467ffc42f0, 0x00000246471a6720, 0x00000246471b95e0,
0x00000246471c0500, 0x00000246471cff40, 0x00000246471ce460, 0x0000024648aa7ee0,
0x0000024647f31690, 0x0000024648aa83c0, 0x00000246481b84a0, 0x00000246481b7570,
0x00000246481b89b0, 0x00000246481b93d0, 0x00000246481b8ec0, 0x00000246481b98e0,
0x00000246481ba300, 0x00000246481ba810, 0x00000246481b7060, 0x000002464792a3e0,
0x000002464792c240, 0x000002464792f4e0
}
_to_delete_list=0x0000024648aff600, length=28, elements={
0x0000024666e003d0, 0x000002467ff2b250, 0x000002467ff2be10, 0x000002467ff3f010,
0x000002467ff3ffe0, 0x000002467ff40ba0, 0x000002467ff45580, 0x000002467ff46320,
0x000002467ff49d00, 0x000002467ffc42f0, 0x00000246471a6720, 0x00000246471b95e0,
0x00000246471c0500, 0x00000246471cff40, 0x00000246471ce460, 0x0000024648aa7ee0,
0x0000024647f31690, 0x0000024648aa83c0, 0x00000246481b84a0, 0x00000246481b7570,
0x00000246481b89b0, 0x00000246481b93d0, 0x00000246481b8ec0, 0x00000246481b98e0,
0x00000246481ba300, 0x00000246481ba810, 0x00000246481b7060, 0x000002464792a3e0
}

Java Threads: ( => current thread )
  0x0000024666e003d0 JavaThread "main" [_thread_in_Java, id=4644, stack(0x000000de9d500000,0x000000de9d600000)]
  0x000002467ff2b250 JavaThread "Reference Handler" daemon [_thread_blocked, id=12076, stack(0x000000de9dc00000,0x000000de9dd00000)]
  0x000002467ff2be10 JavaThread "Finalizer" daemon [_thread_blocked, id=25732, stack(0x000000de9dd00000,0x000000de9de00000)]
  0x000002467ff3f010 JavaThread "Signal Dispatcher" daemon [_thread_blocked, id=21240, stack(0x000000de9de00000,0x000000de9df00000)]
  0x000002467ff3ffe0 JavaThread "Attach Listener" daemon [_thread_blocked, id=18916, stack(0x000000de9df00000,0x000000de9e000000)]
  0x000002467ff40ba0 JavaThread "Service Thread" daemon [_thread_blocked, id=22496, stack(0x000000de9e000000,0x000000de9e100000)]
  0x000002467ff45580 JavaThread "Monitor Deflation Thread" daemon [_thread_blocked, id=19328, stack(0x000000de9e100000,0x000000de9e200000)]
=>0x000002467ff46320 JavaThread "C2 CompilerThread0" daemon [_thread_in_native, id=13540, stack(0x000000de9e200000,0x000000de9e300000)]
  0x000002467ff49d00 JavaThread "C1 CompilerThread0" daemon [_thread_blocked, id=25168, stack(0x000000de9e300000,0x000000de9e400000)]
  0x000002467ffc42f0 JavaThread "Sweeper thread" daemon [_thread_blocked, id=12056, stack(0x000000de9e400000,0x000000de9e500000)]
  0x00000246471a6720 JavaThread "JDWP Transport Listener: dt_socket" daemon [_thread_blocked, id=1976, stack(0x000000de9e500000,0x000000de9e600000)]
  0x00000246471b95e0 JavaThread "JDWP Event Helper Thread" daemon [_thread_blocked, id=17576, stack(0x000000de9e600000,0x000000de9e700000)]
  0x00000246471c0500 JavaThread "JDWP Command Reader" daemon [_thread_in_native, id=23392, stack(0x000000de9e700000,0x000000de9e800000)]
  0x00000246471cff40 JavaThread "Notification Thread" daemon [_thread_blocked, id=23788, stack(0x000000de9e800000,0x000000de9e900000)]
  0x00000246471ce460 JavaThread "Common-Cleaner" daemon [_thread_blocked, id=25476, stack(0x000000de9ea00000,0x000000de9eb00000)]
  0x0000024648aa7ee0 JavaThread "Catalina-utility-1" [_thread_blocked, id=19116, stack(0x000000de9ee00000,0x000000de9ef00000)]
  0x0000024647f31690 JavaThread "Catalina-utility-2" [_thread_blocked, id=6744, stack(0x000000de9ef00000,0x000000de9f000000)]
  0x0000024648aa83c0 JavaThread "container-0" [_thread_blocked, id=17248, stack(0x000000de9f000000,0x000000de9f100000)]
  0x00000246481b84a0 JavaThread "Thread-1" daemon [_thread_in_native, id=24676, stack(0x000000de9f100000,0x000000de9f200000)]
  0x00000246481b7570 JavaThread "BufferPoolPruner-1-thread-1" daemon [_thread_blocked, id=15708, stack(0x000000de9f200000,0x000000de9f300000)]
  0x00000246481b89b0 JavaThread "cluster-ClusterId{value='66b8ee25fa32cc43b9675492', description='Cluster0'}-srv-cluster0.abrvr.mongodb.net" daemon [_thread_blocked, id=17904, stack(0x000000de9f300000,0x000000de9f400000)]
  0x00000246481b93d0 JavaThread "cluster-ClusterId{value='66b8ee25fa32cc43b9675492', description='Cluster0'}-cluster0-shard-00-02.abrvr.mongodb.net:27017" daemon [_thread_in_native, id=16312, stack(0x000000de9f400000,0x000000de9f500000)]
  0x00000246481b8ec0 JavaThread "cluster-rtt-ClusterId{value='66b8ee25fa32cc43b9675492', description='Cluster0'}-cluster0-shard-00-02.abrvr.mongodb.net:27017" daemon [_thread_blocked, id=15588, stack(0x000000de9f500000,0x000000de9f600000)]
  0x00000246481b98e0 JavaThread "cluster-ClusterId{value='66b8ee25fa32cc43b9675492', description='Cluster0'}-cluster0-shard-00-01.abrvr.mongodb.net:27017" daemon [_thread_in_native, id=10312, stack(0x000000de9f600000,0x000000de9f700000)]
  0x00000246481ba300 JavaThread "cluster-rtt-ClusterId{value='66b8ee25fa32cc43b9675492', description='Cluster0'}-cluster0-shard-00-01.abrvr.mongodb.net:27017" daemon [_thread_blocked, id=24636, stack(0x000000de9f700000,0x000000de9f800000)]
  0x00000246481ba810 JavaThread "cluster-ClusterId{value='66b8ee25fa32cc43b9675492', description='Cluster0'}-cluster0-shard-00-00.abrvr.mongodb.net:27017" daemon [_thread_in_native, id=4492, stack(0x000000de9f800000,0x000000de9f900000)]
  0x00000246481b7060 JavaThread "cluster-rtt-ClusterId{value='66b8ee25fa32cc43b9675492', description='Cluster0'}-cluster0-shard-00-00.abrvr.mongodb.net:27017" daemon [_thread_blocked, id=18268, stack(0x000000de9f900000,0x000000de9fa00000)]
  0x000002464792a3e0 JavaThread "MaintenanceTimer-3-thread-1" daemon [_thread_blocked, id=24580, stack(0x000000de9fd00000,0x000000de9fe00000)]
  0x000002464792c240 JavaThread "MaintenanceTimer-4-thread-1" daemon [_thread_blocked, id=22596, stack(0x000000de9fe00000,0x000000de9ff00000)]
  0x000002464792f4e0 JavaThread "MaintenanceTimer-2-thread-1" daemon [_thread_blocked, id=16584, stack(0x000000de9ff00000,0x000000dea0000000)]

Other Threads:
  0x000002467ff25c30 VMThread "VM Thread" [stack: 0x000000de9db00000,0x000000de9dc00000] [id=24768]
  0x00000246471c8210 WatcherThread [stack: 0x000000de9e900000,0x000000de9ea00000] [id=18196]
  0x0000024666e38300 GCTaskThread "GC Thread#0" [stack: 0x000000de9d600000,0x000000de9d700000] [id=12836]
  0x0000024647696e10 GCTaskThread "GC Thread#1" [stack: 0x000000de9eb00000,0x000000de9ec00000] [id=6752]
  0x000002464776fde0 GCTaskThread "GC Thread#2" [stack: 0x000000de9ec00000,0x000000de9ed00000] [id=24644]
  0x00000246477700a0 GCTaskThread "GC Thread#3" [stack: 0x000000de9ed00000,0x000000de9ee00000] [id=23172]
  0x0000024666e40b90 ConcurrentGCThread "G1 Main Marker" [stack: 0x000000de9d700000,0x000000de9d800000] [id=19956]
  0x0000024666e425b0 ConcurrentGCThread "G1 Conc#0" [stack: 0x000000de9d800000,0x000000de9d900000] [id=17028]
  0x0000024666e7e8f0 ConcurrentGCThread "G1 Refine#0" [stack: 0x000000de9d900000,0x000000de9da00000] [id=22704]
  0x0000024666e7f320 ConcurrentGCThread "G1 Service" [stack: 0x000000de9da00000,0x000000de9db00000] [id=21736]

Threads with active compile tasks:
C2 CompilerThread0   152686 4764       4       org.springframework.core.ResolvableType::forType (112 bytes)

VM state: not at safepoint (normal execution)

VM Mutex/Monitor currently owned by a thread: None

Heap address: 0x00000000c3600000, size: 970 MB, Compressed Oops mode: 32-bit

CDS archive(s) mapped at: [0x0000024602000000-0x0000024602bd0000-0x0000024602bd0000), size 12386304, SharedBaseAddress: 0x0000024602000000, ArchiveRelocationMode: 1.
Compressed class space mapped at: 0x0000024603000000-0x0000024643000000, reserved size: 1073741824
Narrow klass base: 0x0000024602000000, Narrow klass shift: 0, Narrow klass range: 0x100000000

GC Precious Log:
 CPUs: 4 total, 4 available
 Memory: 3877M
 Large Page Support: Disabled
 NUMA Support: Disabled
 Compressed Oops: Enabled (32-bit)
 Heap Region Size: 1M
 Heap Min Capacity: 8M
 Heap Initial Capacity: 62M
 Heap Max Capacity: 970M
 Pre-touch: Disabled
 Parallel Workers: 4
 Concurrent Workers: 1
 Concurrent Refinement Workers: 4
 Periodic GC: Disabled

Heap:
 garbage-first heap   total 45056K, used 21410K [0x00000000c3600000, 0x0000000100000000)
  region size 1024K, 7 young (7168K), 3 survivors (3072K)
 Metaspace       used 38867K, committed 39296K, reserved 1114112K
  class space    used 4969K, committed 5184K, reserved 1048576K

Heap Regions: E=young(eden), S=young(survivor), O=old, HS=humongous(starts), HC=humongous(continues), CS=collection set, F=free, OA=open archive, CA=closed archive, TAMS=top-at-mark-start (previous, next)
|   0|0x00000000c3600000, 0x00000000c3700000, 0x00000000c3700000|100%| O|  |TAMS 0x00000000c3700000, 0x00000000c3600000| Untracked 
|   1|0x00000000c3700000, 0x00000000c3800000, 0x00000000c3800000|100%| O|  |TAMS 0x00000000c3800000, 0x00000000c3700000| Untracked 
|   2|0x00000000c3800000, 0x00000000c3900000, 0x00000000c3900000|100%| O|  |TAMS 0x00000000c3900000, 0x00000000c3800000| Untracked 
|   3|0x00000000c3900000, 0x00000000c3a00000, 0x00000000c3a00000|100%| O|  |TAMS 0x00000000c3a00000, 0x00000000c3900000| Untracked 
|   4|0x00000000c3a00000, 0x00000000c3b00000, 0x00000000c3b00000|100%| O|  |TAMS 0x00000000c3b00000, 0x00000000c3a00000| Untracked 
|   5|0x00000000c3b00000, 0x00000000c3c00000, 0x00000000c3c00000|100%| O|  |TAMS 0x00000000c3c00000, 0x00000000c3b00000| Untracked 
|   6|0x00000000c3c00000, 0x00000000c3d00000, 0x00000000c3d00000|100%| O|  |TAMS 0x00000000c3d00000, 0x00000000c3c00000| Untracked 
|   7|0x00000000c3d00000, 0x00000000c3e00000, 0x00000000c3e00000|100%| O|  |TAMS 0x00000000c3e00000, 0x00000000c3d00000| Untracked 
|   8|0x00000000c3e00000, 0x00000000c3f00000, 0x00000000c3f00000|100%| O|  |TAMS 0x00000000c3f00000, 0x00000000c3e00000| Untracked 
|   9|0x00000000c3f00000, 0x00000000c3f4b600, 0x00000000c4000000| 29%| O|  |TAMS 0x00000000c3f4b600, 0x00000000c3f00000| Untracked 
|  10|0x00000000c4000000, 0x00000000c4100000, 0x00000000c4100000|100%| O|  |TAMS 0x00000000c4100000, 0x00000000c4000000| Untracked 
|  11|0x00000000c4100000, 0x00000000c4200000, 0x00000000c4200000|100%| O|  |TAMS 0x00000000c4200000, 0x00000000c4100000| Untracked 
|  12|0x00000000c4200000, 0x00000000c4300000, 0x00000000c4300000|100%| O|  |TAMS 0x00000000c4300000, 0x00000000c4200000| Untracked 
|  13|0x00000000c4300000, 0x00000000c4400000, 0x00000000c4400000|100%| O|  |TAMS 0x00000000c4400000, 0x00000000c4300000| Untracked 
|  14|0x00000000c4400000, 0x00000000c4500000, 0x00000000c4500000|100%| O|  |TAMS 0x00000000c4500000, 0x00000000c4400000| Untracked 
|  15|0x00000000c4500000, 0x00000000c459d400, 0x00000000c4600000| 61%| O|  |TAMS 0x00000000c456e000, 0x00000000c4500000| Untracked 
|  16|0x00000000c4600000, 0x00000000c4600000, 0x00000000c4700000|  0%| F|  |TAMS 0x00000000c4600000, 0x00000000c4600000| Untracked 
|  17|0x00000000c4700000, 0x00000000c4700000, 0x00000000c4800000|  0%| F|  |TAMS 0x00000000c4700000, 0x00000000c4700000| Untracked 
|  18|0x00000000c4800000, 0x00000000c4800000, 0x00000000c4900000|  0%| F|  |TAMS 0x00000000c4800000, 0x00000000c4800000| Untracked 
|  19|0x00000000c4900000, 0x00000000c4900000, 0x00000000c4a00000|  0%| F|  |TAMS 0x00000000c4900000, 0x00000000c4900000| Untracked 
|  20|0x00000000c4a00000, 0x00000000c4a00000, 0x00000000c4b00000|  0%| F|  |TAMS 0x00000000c4a00000, 0x00000000c4a00000| Untracked 
|  21|0x00000000c4b00000, 0x00000000c4b00000, 0x00000000c4c00000|  0%| F|  |TAMS 0x00000000c4b00000, 0x00000000c4b00000| Untracked 
|  22|0x00000000c4c00000, 0x00000000c4c00000, 0x00000000c4d00000|  0%| F|  |TAMS 0x00000000c4c00000, 0x00000000c4c00000| Untracked 
|  23|0x00000000c4d00000, 0x00000000c4d00000, 0x00000000c4e00000|  0%| F|  |TAMS 0x00000000c4d00000, 0x00000000c4d00000| Untracked 
|  24|0x00000000c4e00000, 0x00000000c4f00000, 0x00000000c4f00000|100%| S|CS|TAMS 0x00000000c4e00000, 0x00000000c4e00000| Complete 
|  25|0x00000000c4f00000, 0x00000000c5000000, 0x00000000c5000000|100%| S|CS|TAMS 0x00000000c4f00000, 0x00000000c4f00000| Complete 
|  26|0x00000000c5000000, 0x00000000c5100000, 0x00000000c5100000|100%| S|CS|TAMS 0x00000000c5000000, 0x00000000c5000000| Complete 
|  27|0x00000000c5100000, 0x00000000c5100000, 0x00000000c5200000|  0%| F|  |TAMS 0x00000000c5100000, 0x00000000c5100000| Untracked 
|  28|0x00000000c5200000, 0x00000000c5200000, 0x00000000c5300000|  0%| F|  |TAMS 0x00000000c5200000, 0x00000000c5200000| Untracked 
|  29|0x00000000c5300000, 0x00000000c5300000, 0x00000000c5400000|  0%| F|  |TAMS 0x00000000c5300000, 0x00000000c5300000| Untracked 
|  30|0x00000000c5400000, 0x00000000c5400000, 0x00000000c5500000|  0%| F|  |TAMS 0x00000000c5400000, 0x00000000c5400000| Untracked 
|  31|0x00000000c5500000, 0x00000000c5500000, 0x00000000c5600000|  0%| F|  |TAMS 0x00000000c5500000, 0x00000000c5500000| Untracked 
|  32|0x00000000c5600000, 0x00000000c5600000, 0x00000000c5700000|  0%| F|  |TAMS 0x00000000c5600000, 0x00000000c5600000| Untracked 
|  33|0x00000000c5700000, 0x00000000c5700000, 0x00000000c5800000|  0%| F|  |TAMS 0x00000000c5700000, 0x00000000c5700000| Untracked 
|  34|0x00000000c5800000, 0x00000000c5800000, 0x00000000c5900000|  0%| F|  |TAMS 0x00000000c5800000, 0x00000000c5800000| Untracked 
|  35|0x00000000c5900000, 0x00000000c5900000, 0x00000000c5a00000|  0%| F|  |TAMS 0x00000000c5900000, 0x00000000c5900000| Untracked 
|  36|0x00000000c5a00000, 0x00000000c5a00000, 0x00000000c5b00000|  0%| F|  |TAMS 0x00000000c5a00000, 0x00000000c5a00000| Untracked 
|  37|0x00000000c5b00000, 0x00000000c5b00000, 0x00000000c5c00000|  0%| F|  |TAMS 0x00000000c5b00000, 0x00000000c5b00000| Untracked 
|  38|0x00000000c5c00000, 0x00000000c5c00000, 0x00000000c5d00000|  0%| F|  |TAMS 0x00000000c5c00000, 0x00000000c5c00000| Untracked 
|  39|0x00000000c5d00000, 0x00000000c5d00000, 0x00000000c5e00000|  0%| F|  |TAMS 0x00000000c5d00000, 0x00000000c5d00000| Untracked 
|  40|0x00000000c5e00000, 0x00000000c5e2f640, 0x00000000c5f00000| 18%| E|  |TAMS 0x00000000c5e00000, 0x00000000c5e00000| Complete 
|  41|0x00000000c5f00000, 0x00000000c6000000, 0x00000000c6000000|100%| E|CS|TAMS 0x00000000c5f00000, 0x00000000c5f00000| Complete 
|  42|0x00000000c6000000, 0x00000000c6100000, 0x00000000c6100000|100%| E|CS|TAMS 0x00000000c6000000, 0x00000000c6000000| Complete 
|  61|0x00000000c7300000, 0x00000000c7400000, 0x00000000c7400000|100%| E|CS|TAMS 0x00000000c7300000, 0x00000000c7300000| Complete 

Card table byte_map: [0x000002467d880000,0x000002467da70000] _byte_map_base: 0x000002467d265000

Marking Bits (Prev, Next): (CMBitMap*) 0x0000024666e38960, (CMBitMap*) 0x0000024666e38920
 Prev Bits: [0x000002467eb90000, 0x000002467fab8000)
 Next Bits: [0x000002467dc60000, 0x000002467eb88000)

Polling page: 0x0000024664f60000

Metaspace:

Usage:
  Non-class:     33.10 MB used.
      Class:      4.85 MB used.
       Both:     37.96 MB used.

Virtual space:
  Non-class space:       64.00 MB reserved,      33.31 MB ( 52%) committed,  1 nodes.
      Class space:        1.00 GB reserved,       5.06 MB ( <1%) committed,  1 nodes.
             Both:        1.06 GB reserved,      38.38 MB (  4%) committed. 

Chunk freelists:
   Non-Class:  14.62 MB
       Class:  10.91 MB
        Both:  25.53 MB

MaxMetaspaceSize: unlimited
CompressedClassSpaceSize: 1.00 GB
Initial GC threshold: 21.00 MB
Current GC threshold: 63.88 MB
CDS: on
MetaspaceReclaimPolicy: balanced
 - commit_granule_bytes: 65536.
 - commit_granule_words: 8192.
 - virtual_space_node_default_size: 8388608.
 - enlarge_chunks_in_place: 1.
 - new_chunks_are_fully_committed: 0.
 - uncommit_free_chunks: 1.
 - use_allocation_guard: 0.
 - handle_deallocations: 1.


Internal statistics:

num_allocs_failed_limit: 9.
num_arena_births: 602.
num_arena_deaths: 0.
num_vsnodes_births: 2.
num_vsnodes_deaths: 0.
num_space_committed: 614.
num_space_uncommitted: 0.
num_chunks_returned_to_freelist: 9.
num_chunks_taken_from_freelist: 1835.
num_chunk_merges: 6.
num_chunk_splits: 1256.
num_chunks_enlarged: 948.
num_inconsistent_stats: 0.

CodeHeap 'non-profiled nmethods': size=120000Kb used=2653Kb max_used=2653Kb free=117347Kb
 bounds [0x0000024676160000, 0x0000024676400000, 0x000002467d690000]
CodeHeap 'profiled nmethods': size=120000Kb used=10476Kb max_used=10476Kb free=109523Kb
 bounds [0x000002466e690000, 0x000002466f0d0000, 0x0000024675bc0000]
CodeHeap 'non-nmethods': size=5760Kb used=1350Kb max_used=1381Kb free=4409Kb
 bounds [0x0000024675bc0000, 0x0000024675e30000, 0x0000024676160000]
 total_blobs=5331 nmethods=4746 adapters=497
 compilation: enabled
              stopped_count=0, restarted_count=0
 full_count=0

Compilation events (20 events):
Event: 152.431 Thread 0x000002467ff46320 nmethod 4757 0x00000246763f6f10 code [0x00000246763f70a0, 0x00000246763f7208]
Event: 152.432 Thread 0x000002467ff49d00 4758   !   3       java.util.regex.Pattern::RemoveQEQuoting (370 bytes)
Event: 152.433 Thread 0x000002467ff49d00 nmethod 4758 0x000002466f0c1290 code [0x000002466f0c1560, 0x000002466f0c27a8]
Event: 152.433 Thread 0x000002467ff49d00 4761       3       java.util.concurrent.atomic.AtomicReferenceArray::get (12 bytes)
Event: 152.434 Thread 0x000002467ff49d00 nmethod 4761 0x000002466f0c2f10 code [0x000002466f0c31a0, 0x000002466f0c4008]
Event: 152.434 Thread 0x000002467ff49d00 4762       3       java.lang.invoke.VarHandleGuards::guard_LI_L (89 bytes)
Event: 152.437 Thread 0x000002467ff49d00 nmethod 4762 0x000002466f0c4510 code [0x000002466f0c48c0, 0x000002466f0c6b28]
Event: 152.437 Thread 0x000002467ff49d00 4763       3       java.lang.invoke.VarHandleReferences$Array::getVolatile (49 bytes)
Event: 152.439 Thread 0x000002467ff49d00 nmethod 4763 0x000002466f0c7590 code [0x000002466f0c77a0, 0x000002466f0c7e68]
Event: 152.439 Thread 0x000002467ff49d00 4760       3       org.springframework.util.ConcurrentLruCache$EvictionQueue::contains (28 bytes)
Event: 152.440 Thread 0x000002467ff49d00 nmethod 4760 0x000002466f0c8190 code [0x000002466f0c8320, 0x000002466f0c8538]
Event: 152.440 Thread 0x000002467ff49d00 4759       3       java.util.Vector::<init> (49 bytes)
Event: 152.440 Thread 0x000002467ff49d00 nmethod 4759 0x000002466f0c8610 code [0x000002466f0c8860, 0x000002466f0c9118]
Event: 152.443 Thread 0x000002467ff46320 4764       4       org.springframework.core.ResolvableType::forType (112 bytes)
Event: 152.447 Thread 0x000002467ff49d00 4765       3       org.springframework.util.ConcurrentReferenceHashMap::putIfAbsent (8 bytes)
Event: 152.447 Thread 0x000002467ff49d00 nmethod 4765 0x000002466f0c9490 code [0x000002466f0c9620, 0x000002466f0c9788]
Event: 152.464 Thread 0x000002467ff49d00 4767       3       java.lang.reflect.ProxyGenerator$ProxyMethod::codeUnwrapReturnValue (172 bytes)
Event: 152.466 Thread 0x000002467ff49d00 nmethod 4767 0x000002466f0c9890 code [0x000002466f0c9b60, 0x000002466f0caab8]
Event: 152.511 Thread 0x000002467ff49d00 4769       3       org.springframework.beans.factory.config.BeanPostProcessor::postProcessAfterInitialization (2 bytes)
Event: 152.511 Thread 0x000002467ff49d00 nmethod 4769 0x000002466f0cae90 code [0x000002466f0cb020, 0x000002466f0cb138]

GC Heap History (18 events):
Event: 21.378 GC heap before
{Heap before GC invocations=0 (full 0):
 garbage-first heap   total 63488K, used 12288K [0x00000000c3600000, 0x0000000100000000)
  region size 1024K, 13 young (13312K), 0 survivors (0K)
 Metaspace       used 3794K, committed 3904K, reserved 1114112K
  class space    used 419K, committed 448K, reserved 1048576K
}
Event: 21.536 GC heap after
{Heap after GC invocations=1 (full 0):
 garbage-first heap   total 63488K, used 4112K [0x00000000c3600000, 0x0000000100000000)
  region size 1024K, 2 young (2048K), 2 survivors (2048K)
 Metaspace       used 3794K, committed 3904K, reserved 1114112K
  class space    used 419K, committed 448K, reserved 1048576K
}
Event: 33.810 GC heap before
{Heap before GC invocations=1 (full 0):
 garbage-first heap   total 63488K, used 16400K [0x00000000c3600000, 0x0000000100000000)
  region size 1024K, 14 young (14336K), 2 survivors (2048K)
 Metaspace       used 6774K, committed 6976K, reserved 1114112K
  class space    used 828K, committed 960K, reserved 1048576K
}
Event: 33.825 GC heap after
{Heap after GC invocations=2 (full 0):
 garbage-first heap   total 63488K, used 5243K [0x00000000c3600000, 0x0000000100000000)
  region size 1024K, 1 young (1024K), 1 survivors (1024K)
 Metaspace       used 6774K, committed 6976K, reserved 1114112K
  class space    used 828K, committed 960K, reserved 1048576K
}
Event: 46.509 GC heap before
{Heap before GC invocations=2 (full 0):
 garbage-first heap   total 63488K, used 26747K [0x00000000c3600000, 0x0000000100000000)
  region size 1024K, 22 young (22528K), 1 survivors (1024K)
 Metaspace       used 11928K, committed 12096K, reserved 1114112K
  class space    used 1430K, committed 1536K, reserved 1048576K
}
Event: 46.517 GC heap after
{Heap after GC invocations=3 (full 0):
 garbage-first heap   total 63488K, used 6953K [0x00000000c3600000, 0x0000000100000000)
  region size 1024K, 3 young (3072K), 3 survivors (3072K)
 Metaspace       used 11928K, committed 12096K, reserved 1114112K
  class space    used 1430K, committed 1536K, reserved 1048576K
}
Event: 66.223 GC heap before
{Heap before GC invocations=3 (full 0):
 garbage-first heap   total 63488K, used 40745K [0x00000000c3600000, 0x0000000100000000)
  region size 1024K, 36 young (36864K), 3 survivors (3072K)
 Metaspace       used 17619K, committed 17856K, reserved 1114112K
  class space    used 2156K, committed 2304K, reserved 1048576K
}
Event: 66.251 GC heap after
{Heap after GC invocations=4 (full 0):
 garbage-first heap   total 63488K, used 9863K [0x00000000c3600000, 0x0000000100000000)
  region size 1024K, 5 young (5120K), 5 survivors (5120K)
 Metaspace       used 17619K, committed 17856K, reserved 1114112K
  class space    used 2156K, committed 2304K, reserved 1048576K
}
Event: 88.250 GC heap before
{Heap before GC invocations=4 (full 0):
 garbage-first heap   total 63488K, used 29319K [0x00000000c3600000, 0x0000000100000000)
  region size 1024K, 25 young (25600K), 5 survivors (5120K)
 Metaspace       used 21210K, committed 21504K, reserved 1114112K
  class space    used 2618K, committed 2752K, reserved 1048576K
}
Event: 88.275 GC heap after
{Heap after GC invocations=5 (full 0):
 garbage-first heap   total 63488K, used 11301K [0x00000000c3600000, 0x0000000100000000)
  region size 1024K, 2 young (2048K), 2 survivors (2048K)
 Metaspace       used 21210K, committed 21504K, reserved 1114112K
  class space    used 2618K, committed 2752K, reserved 1048576K
}
Event: 122.116 GC heap before
{Heap before GC invocations=6 (full 0):
 garbage-first heap   total 45056K, used 35877K [0x00000000c3600000, 0x0000000100000000)
  region size 1024K, 26 young (26624K), 2 survivors (2048K)
 Metaspace       used 26651K, committed 27072K, reserved 1114112K
  class space    used 3355K, committed 3584K, reserved 1048576K
}
Event: 122.197 GC heap after
{Heap after GC invocations=7 (full 0):
 garbage-first heap   total 45056K, used 13503K [0x00000000c3600000, 0x0000000100000000)
  region size 1024K, 4 young (4096K), 4 survivors (4096K)
 Metaspace       used 26651K, committed 27072K, reserved 1114112K
  class space    used 3355K, committed 3584K, reserved 1048576K
}
Event: 133.646 GC heap before
{Heap before GC invocations=7 (full 0):
 garbage-first heap   total 45056K, used 31935K [0x00000000c3600000, 0x0000000100000000)
  region size 1024K, 22 young (22528K), 4 survivors (4096K)
 Metaspace       used 32388K, committed 32768K, reserved 1114112K
  class space    used 4104K, committed 4288K, reserved 1048576K
}
Event: 133.664 GC heap after
{Heap after GC invocations=8 (full 0):
 garbage-first heap   total 45056K, used 15309K [0x00000000c3600000, 0x0000000100000000)
  region size 1024K, 3 young (3072K), 3 survivors (3072K)
 Metaspace       used 32388K, committed 32768K, reserved 1114112K
  class space    used 4104K, committed 4288K, reserved 1048576K
}
Event: 135.088 GC heap before
{Heap before GC invocations=8 (full 0):
 garbage-first heap   total 45056K, used 22477K [0x00000000c3600000, 0x0000000100000000)
  region size 1024K, 12 young (12288K), 3 survivors (3072K)
 Metaspace       used 35509K, committed 35968K, reserved 1114112K
  class space    used 4507K, committed 4736K, reserved 1048576K
}
Event: 135.099 GC heap after
{Heap after GC invocations=9 (full 0):
 garbage-first heap   total 45056K, used 16886K [0x00000000c3600000, 0x0000000100000000)
  region size 1024K, 2 young (2048K), 2 survivors (2048K)
 Metaspace       used 35509K, committed 35968K, reserved 1114112K
  class space    used 4507K, committed 4736K, reserved 1048576K
}
Event: 144.496 GC heap before
{Heap before GC invocations=10 (full 0):
 garbage-first heap   total 45056K, used 31222K [0x00000000c3600000, 0x0000000100000000)
  region size 1024K, 17 young (17408K), 2 survivors (2048K)
 Metaspace       used 38336K, committed 38784K, reserved 1114112K
  class space    used 4888K, committed 5120K, reserved 1048576K
}
Event: 144.554 GC heap after
{Heap after GC invocations=11 (full 0):
 garbage-first heap   total 45056K, used 18338K [0x00000000c3600000, 0x0000000100000000)
  region size 1024K, 3 young (3072K), 3 survivors (3072K)
 Metaspace       used 38336K, committed 38784K, reserved 1114112K
  class space    used 4888K, committed 5120K, reserved 1048576K
}

Deoptimization events (20 events):
Event: 152.142 Thread 0x00000246481ba300 Uncommon trap: trap_request=0xffffffde fr.pc=0x00000246763e4dd4 relative=0x00000000000000b4
Event: 152.142 Thread 0x00000246481ba300 Uncommon trap: reason=class_check action=maybe_recompile pc=0x00000246763e4dd4 method=org.bson.ByteBufNIO.get()B @ 4 c2
Event: 152.142 Thread 0x00000246481ba300 DEOPT PACKING pc=0x00000246763e4dd4 sp=0x000000de9f7fea50
Event: 152.142 Thread 0x00000246481ba300 DEOPT UNPACKING pc=0x0000024675c15ba3 sp=0x000000de9f7fea10 mode 2
Event: 152.143 Thread 0x00000246481b93d0 Uncommon trap: trap_request=0xffffffde fr.pc=0x00000246763e4dd4 relative=0x00000000000000b4
Event: 152.143 Thread 0x00000246481b93d0 Uncommon trap: reason=class_check action=maybe_recompile pc=0x00000246763e4dd4 method=org.bson.ByteBufNIO.get()B @ 4 c2
Event: 152.143 Thread 0x00000246481b93d0 DEOPT PACKING pc=0x00000246763e4dd4 sp=0x000000de9f4feff0
Event: 152.143 Thread 0x00000246481b93d0 DEOPT UNPACKING pc=0x0000024675c15ba3 sp=0x000000de9f4fefb0 mode 2
Event: 152.143 Thread 0x00000246481ba810 Uncommon trap: trap_request=0xffffffde fr.pc=0x00000246763e4dd4 relative=0x00000000000000b4
Event: 152.143 Thread 0x00000246481b98e0 Uncommon trap: trap_request=0xffffffde fr.pc=0x00000246763e4dd4 relative=0x00000000000000b4
Event: 152.144 Thread 0x00000246481b7060 Uncommon trap: trap_request=0xffffffde fr.pc=0x00000246763e4dd4 relative=0x00000000000000b4
Event: 152.144 Thread 0x00000246481ba810 Uncommon trap: reason=class_check action=maybe_recompile pc=0x00000246763e4dd4 method=org.bson.ByteBufNIO.get()B @ 4 c2
Event: 152.144 Thread 0x00000246481b98e0 Uncommon trap: reason=class_check action=maybe_recompile pc=0x00000246763e4dd4 method=org.bson.ByteBufNIO.get()B @ 4 c2
Event: 152.144 Thread 0x00000246481b7060 Uncommon trap: reason=class_check action=maybe_recompile pc=0x00000246763e4dd4 method=org.bson.ByteBufNIO.get()B @ 4 c2
Event: 152.144 Thread 0x00000246481ba810 DEOPT PACKING pc=0x00000246763e4dd4 sp=0x000000de9f8fef70
Event: 152.144 Thread 0x00000246481ba810 DEOPT UNPACKING pc=0x0000024675c15ba3 sp=0x000000de9f8fef30 mode 2
Event: 152.144 Thread 0x00000246481b98e0 DEOPT PACKING pc=0x00000246763e4dd4 sp=0x000000de9f6ff320
Event: 152.144 Thread 0x00000246481b98e0 DEOPT UNPACKING pc=0x0000024675c15ba3 sp=0x000000de9f6ff2e0 mode 2
Event: 152.144 Thread 0x00000246481b7060 DEOPT PACKING pc=0x00000246763e4dd4 sp=0x000000de9f9fed40
Event: 152.144 Thread 0x00000246481b7060 DEOPT UNPACKING pc=0x0000024675c15ba3 sp=0x000000de9f9fed00 mode 2

Classes unloaded (0 events):
No events

Classes redefined (0 events):
No events

Internal exceptions (20 events):
Event: 131.865 Thread 0x00000246481b89b0 Exception <a 'sun/nio/fs/WindowsException'{0x00000000c55a7b60}> (0x00000000c55a7b60) 
thrown [s\open\src\hotspot\share\prims\jni.cpp, line 516]
Event: 131.865 Thread 0x00000246481b89b0 Exception <a 'sun/nio/fs/WindowsException'{0x00000000c55a7c90}> (0x00000000c55a7c90) 
thrown [s\open\src\hotspot\share\prims\jni.cpp, line 516]
Event: 132.219 Thread 0x00000246481b7060 Exception <a 'sun/nio/fs/WindowsException'{0x00000000c54afc88}> (0x00000000c54afc88) 
thrown [s\open\src\hotspot\share\prims\jni.cpp, line 516]
Event: 132.371 Thread 0x0000024666e003d0 Exception <a 'java/lang/IncompatibleClassChangeError'{0x00000000c53d9578}: Found class java.lang.Object, but interface was expected> (0x00000000c53d9578) 
thrown [s\open\src\hotspot\share\interpreter\linkResolver.cpp, line 826]
Event: 132.429 Thread 0x00000246481b7060 Exception <a 'java/lang/NoSuchMethodError'{0x00000000c5381fe0}: 'int java.lang.invoke.DirectMethodHandle$Holder.invokeStaticInit(java.lang.Object, java.lang.Object, java.lang.Object, java.lang.Object)'> (0x00000000c5381fe0) 
thrown [s\open\src\hotspot\share\interpreter\linkResolver.cpp, line 759]
Event: 133.450 Thread 0x0000024666e003d0 Exception <a 'sun/nio/fs/WindowsException'{0x00000000c51c9cc0}> (0x00000000c51c9cc0) 
thrown [s\open\src\hotspot\share\prims\jni.cpp, line 516]
Event: 133.597 Thread 0x0000024666e003d0 Exception <a 'java/lang/IncompatibleClassChangeError'{0x00000000c501bc28}: Found class java.lang.Object, but interface was expected> (0x00000000c501bc28) 
thrown [s\open\src\hotspot\share\interpreter\linkResolver.cpp, line 826]
Event: 134.005 Thread 0x0000024666e003d0 Exception <a 'java/lang/IncompatibleClassChangeError'{0x00000000c5dfc718}: Found class java.lang.Object, but interface was expected> (0x00000000c5dfc718) 
thrown [s\open\src\hotspot\share\interpreter\linkResolver.cpp, line 826]
Event: 134.711 Thread 0x00000246481b93d0 Exception <a 'java/lang/reflect/InvocationTargetException'{0x00000000c5dccd80}> (0x00000000c5dccd80) 
thrown [s\open\src\hotspot\share\runtime\reflection.cpp, line 1121]
Event: 134.711 Thread 0x00000246481b8ec0 Exception <a 'java/lang/reflect/InvocationTargetException'{0x00000000c5dbcb08}> (0x00000000c5dbcb08) 
thrown [s\open\src\hotspot\share\runtime\reflection.cpp, line 1121]
Event: 134.712 Thread 0x00000246481ba300 Exception <a 'java/lang/reflect/InvocationTargetException'{0x00000000c5db39f0}> (0x00000000c5db39f0) 
thrown [s\open\src\hotspot\share\runtime\reflection.cpp, line 1121]
Event: 134.712 Thread 0x00000246481b7060 Exception <a 'java/lang/reflect/InvocationTargetException'{0x00000000c5d8e8e0}> (0x00000000c5d8e8e0) 
thrown [s\open\src\hotspot\share\runtime\reflection.cpp, line 1121]
Event: 134.712 Thread 0x00000246481b98e0 Exception <a 'java/lang/reflect/InvocationTargetException'{0x00000000c5bc9378}> (0x00000000c5bc9378) 
thrown [s\open\src\hotspot\share\runtime\reflection.cpp, line 1121]
Event: 134.713 Thread 0x00000246481ba810 Exception <a 'java/lang/reflect/InvocationTargetException'{0x00000000c5dd9f28}> (0x00000000c5dd9f28) 
thrown [s\open\src\hotspot\share\runtime\reflection.cpp, line 1121]
Event: 138.465 Thread 0x0000024666e003d0 Exception <a 'java/lang/NoSuchMethodError'{0x00000000c564f2c0}: 'java.lang.Object java.lang.invoke.DirectMethodHandle$Holder.newInvokeSpecial(java.lang.Object, long)'> (0x00000000c564f2c0) 
thrown [s\open\src\hotspot\share\interpreter\linkResolver.cpp, line 759]
Event: 141.534 Thread 0x0000024666e003d0 Exception <a 'java/lang/IncompatibleClassChangeError'{0x00000000c5114208}: Found class java.lang.Object, but interface was expected> (0x00000000c5114208) 
thrown [s\open\src\hotspot\share\interpreter\linkResolver.cpp, line 826]
Event: 144.185 Thread 0x0000024666e003d0 Exception <a 'java/lang/NoSuchMethodError'{0x00000000c51ab0e0}: 'java.lang.Object java.lang.invoke.DirectMethodHandle$Holder.newInvokeSpecial(java.lang.Object, java.lang.Object, java.lang.Object, java.lang.Object, java.lang.Object, java.lang.Object)'> (0x00000000c51ab0e0) 
thrown [s\open\src\hotspot\share\interpreter\linkResolver.cpp, line 759]
Event: 145.771 Thread 0x0000024666e003d0 Exception <a 'java/lang/NoSuchMethodError'{0x00000000c60e6508}: 'int java.lang.invoke.DirectMethodHandle$Holder.invokeStatic(java.lang.Object, java.lang.Object, int)'> (0x00000000c60e6508) 
thrown [s\open\src\hotspot\share\interpreter\linkResolver.cpp, line 759]
Event: 147.330 Thread 0x0000024666e003d0 Exception <a 'java/lang/NoSuchMethodError'{0x00000000c5f01e38}: 'java.lang.Object java.lang.invoke.DirectMethodHandle$Holder.invokeStatic(java.lang.Object, java.lang.Object, int, java.lang.Object)'> (0x00000000c5f01e38) 
thrown [s\open\src\hotspot\share\interpreter\linkResolver.cpp, line 759]
Event: 147.331 Thread 0x0000024666e003d0 Exception <a 'java/lang/NoSuchMethodError'{0x00000000c5f09350}: 'java.lang.Object java.lang.invoke.DirectMethodHandle$Holder.newInvokeSpecial(java.lang.Object, java.lang.Object, int)'> (0x00000000c5f09350) 
thrown [s\open\src\hotspot\share\interpreter\linkResolver.cpp, line 759]

VM Operations (20 events):
Event: 136.445 Executing VM operation: Cleanup
Event: 136.756 Executing VM operation: Cleanup done
Event: 137.009 Executing VM operation: HandshakeAllThreads
Event: 137.026 Executing VM operation: HandshakeAllThreads done
Event: 137.147 Executing VM operation: HandshakeAllThreads
Event: 137.517 Executing VM operation: HandshakeAllThreads done
Event: 138.030 Executing VM operation: HandshakeAllThreads
Event: 138.030 Executing VM operation: HandshakeAllThreads done
Event: 138.030 Executing VM operation: Cleanup
Event: 138.031 Executing VM operation: Cleanup done
Event: 139.033 Executing VM operation: Cleanup
Event: 140.682 Executing VM operation: Cleanup done
Event: 141.686 Executing VM operation: Cleanup
Event: 144.052 Executing VM operation: Cleanup done
Event: 144.469 Executing VM operation: G1CollectForAllocation
Event: 144.696 Executing VM operation: G1CollectForAllocation done
Event: 145.226 Executing VM operation: G1Concurrent
Event: 147.329 Executing VM operation: G1Concurrent done
Event: 147.360 Executing VM operation: G1Concurrent
Event: 152.145 Executing VM operation: G1Concurrent done

Events (20 events):
Event: 141.279 loading class java/util/concurrent/CompletableFuture
Event: 141.280 loading class java/util/concurrent/CompletionStage
Event: 141.281 loading class java/util/concurrent/CompletionStage done
Event: 141.281 loading class java/util/concurrent/CompletableFuture done
Event: 141.292 loading class java/util/concurrent/CompletableFuture$AltResult
Event: 141.292 loading class java/util/concurrent/CompletableFuture$AltResult done
Event: 141.294 loading class java/util/concurrent/CompletableFuture$Completion
Event: 141.294 loading class java/util/concurrent/CompletableFuture$AsynchronousCompletionTask
Event: 141.294 loading class java/util/concurrent/CompletableFuture$AsynchronousCompletionTask done
Event: 141.300 loading class java/util/concurrent/CompletableFuture$Completion done
Event: 144.077 loading class java/lang/Package$1PackageInfoProxy
Event: 144.104 loading class java/lang/Package$1PackageInfoProxy done
Event: 144.838 loading class java/util/stream/ReduceOps$5
Event: 144.838 loading class java/util/stream/ReduceOps$5 done
Event: 144.839 loading class java/util/stream/ReduceOps$CountingSink$OfRef
Event: 144.839 loading class java/util/stream/ReduceOps$CountingSink
Event: 144.839 loading class java/util/stream/ReduceOps$CountingSink done
Event: 144.839 loading class java/util/stream/ReduceOps$CountingSink$OfRef done
Event: 152.361 loading class java/util/regex/Pattern$1
Event: 152.362 loading class java/util/regex/Pattern$1 done


Dynamic libraries:
0x00007ff7c09f0000 - 0x00007ff7c0a00000 	C:\Program Files\Java\jdk-17\bin\java.exe
0x00007ffac99b0000 - 0x00007ffac9bc7000 	C:\Windows\SYSTEM32\ntdll.dll
0x00007ffac8b30000 - 0x00007ffac8bf4000 	C:\Windows\System32\KERNEL32.DLL
0x00007ffac6ce0000 - 0x00007ffac708d000 	C:\Windows\System32\KERNELBASE.dll
0x00007ffac7150000 - 0x00007ffac7261000 	C:\Windows\System32\ucrtbase.dll
0x00007ffaabf20000 - 0x00007ffaabf39000 	C:\Program Files\Java\jdk-17\bin\jli.dll
0x00007ffac77e0000 - 0x00007ffac7892000 	C:\Windows\System32\ADVAPI32.dll
0x00007ffac8a80000 - 0x00007ffac8b27000 	C:\Windows\System32\msvcrt.dll
0x00007ffac79c0000 - 0x00007ffac7a69000 	C:\Windows\System32\sechost.dll
0x00007ffac7310000 - 0x00007ffac7338000 	C:\Windows\System32\bcrypt.dll
0x00007ffac78a0000 - 0x00007ffac79b4000 	C:\Windows\System32\RPCRT4.dll
0x00007ffac97b0000 - 0x00007ffac995e000 	C:\Windows\System32\USER32.dll
0x00007ffac72e0000 - 0x00007ffac7306000 	C:\Windows\System32\win32u.dll
0x00007ffac89d0000 - 0x00007ffac89f9000 	C:\Windows\System32\GDI32.dll
0x00007ffac7550000 - 0x00007ffac7669000 	C:\Windows\System32\gdi32full.dll
0x00007ffac74b0000 - 0x00007ffac754a000 	C:\Windows\System32\msvcp_win.dll
0x00007ffaabf00000 - 0x00007ffaabf1b000 	C:\Program Files\Java\jdk-17\bin\VCRUNTIME140.dll
0x00007ffaad7a0000 - 0x00007ffaada33000 	C:\Windows\WinSxS\amd64_microsoft.windows.common-controls_6595b64144ccf1df_6.0.22621.3672_none_2713b9d173822955\COMCTL32.dll
0x00007ffac6840000 - 0x00007ffac684a000 	C:\Windows\SYSTEM32\VERSION.dll
0x00007ffac95c0000 - 0x00007ffac95f1000 	C:\Windows\System32\IMM32.DLL
0x0000000067f00000 - 0x0000000067f0c000 	C:\Program Files (x86)\360\Total Security\safemon\SafeWrapper.dll
0x00007ffa767b0000 - 0x00007ffa76842000 	C:\Program Files (x86)\360\Total Security\safemon\libzdtp64.dll
0x00007ffac7f90000 - 0x00007ffac87ef000 	C:\Windows\System32\SHELL32.dll
0x00007ffac76f0000 - 0x00007ffac774e000 	C:\Windows\System32\SHLWAPI.dll
0x00007ffaabef0000 - 0x00007ffaabefc000 	C:\Program Files\Java\jdk-17\bin\vcruntime140_1.dll
0x00007ffaabbd0000 - 0x00007ffaabc5e000 	C:\Program Files\Java\jdk-17\bin\msvcp140.dll
0x00007ffa44f50000 - 0x00007ffa45b30000 	C:\Program Files\Java\jdk-17\bin\server\jvm.dll
0x00007ffac8d90000 - 0x00007ffac8d98000 	C:\Windows\System32\PSAPI.DLL
0x00007ffaa38c0000 - 0x00007ffaa38c9000 	C:\Windows\SYSTEM32\WSOCK32.dll
0x00007ffac8a00000 - 0x00007ffac8a71000 	C:\Windows\System32\WS2_32.dll
0x00007ffabf630000 - 0x00007ffabf664000 	C:\Windows\SYSTEM32\WINMM.dll
0x00007ffac5ca0000 - 0x00007ffac5cb8000 	C:\Windows\SYSTEM32\kernel.appcore.dll
0x00007ffaabee0000 - 0x00007ffaabeea000 	C:\Program Files\Java\jdk-17\bin\jimage.dll
0x00007ffac44f0000 - 0x00007ffac4722000 	C:\Windows\SYSTEM32\DBGHELP.DLL
0x00007ffac7a90000 - 0x00007ffac7e18000 	C:\Windows\System32\combase.dll
0x00007ffac88f0000 - 0x00007ffac89c7000 	C:\Windows\System32\OLEAUT32.dll
0x00007ffabb160000 - 0x00007ffabb192000 	C:\Windows\SYSTEM32\dbgcore.DLL
0x00007ffac7670000 - 0x00007ffac76eb000 	C:\Windows\System32\bcryptPrimitives.dll
0x00007ffaabde0000 - 0x00007ffaabe1b000 	C:\Program Files\Java\jdk-17\bin\jdwp.dll
0x00007ffaabe60000 - 0x00007ffaabe85000 	C:\Program Files\Java\jdk-17\bin\java.dll
0x00007ffa89cc0000 - 0x00007ffa89d97000 	C:\Program Files\Java\jdk-17\bin\jsvml.dll
0x00007ffac4bc0000 - 0x00007ffac54bc000 	C:\Windows\SYSTEM32\windows.storage.dll
0x00007ffac4a80000 - 0x00007ffac4bbf000 	C:\Windows\SYSTEM32\wintypes.dll
0x00007ffac94c0000 - 0x00007ffac95b4000 	C:\Windows\System32\SHCORE.dll
0x00007ffac6c10000 - 0x00007ffac6c31000 	C:\Windows\SYSTEM32\profapi.dll
0x00007ffaaca30000 - 0x00007ffaaca3c000 	C:\Program Files\Java\jdk-17\bin\dt_socket.dll
0x00007ffac5720000 - 0x00007ffac574d000 	C:\Windows\SYSTEM32\IPHLPAPI.DLL
0x00007ffac6110000 - 0x00007ffac6179000 	C:\Windows\system32\mswsock.dll
0x00007ffa9c790000 - 0x00007ffa9c7a9000 	C:\Program Files\Java\jdk-17\bin\net.dll
0x00007ffabf970000 - 0x00007ffabfaa6000 	C:\Windows\SYSTEM32\WINHTTP.dll
0x00007ffa9c770000 - 0x00007ffa9c786000 	C:\Program Files\Java\jdk-17\bin\nio.dll
0x00007ffaabea0000 - 0x00007ffaabeb8000 	C:\Program Files\Java\jdk-17\bin\zip.dll
0x00007ffa9ee10000 - 0x00007ffa9ee1e000 	C:\Program Files\Java\jdk-17\bin\sunmscapi.dll
0x00007ffac7340000 - 0x00007ffac74a7000 	C:\Windows\System32\CRYPT32.dll
0x00007ffac6530000 - 0x00007ffac655e000 	C:\Windows\SYSTEM32\ncrypt.dll
0x00007ffac64f0000 - 0x00007ffac6527000 	C:\Windows\SYSTEM32\NTASN1.dll
0x00007ffac6370000 - 0x00007ffac638b000 	C:\Windows\SYSTEM32\CRYPTSP.dll
0x00007ffac5c00000 - 0x00007ffac5c35000 	C:\Windows\system32\rsaenh.dll
0x00007ffac6210000 - 0x00007ffac6238000 	C:\Windows\SYSTEM32\USERENV.dll
0x00007ffac6390000 - 0x00007ffac639c000 	C:\Windows\SYSTEM32\CRYPTBASE.dll
0x00007ffac8c80000 - 0x00007ffac8c89000 	C:\Windows\System32\NSI.dll
0x00007ffabf670000 - 0x00007ffabf689000 	C:\Windows\SYSTEM32\dhcpcsvc6.DLL
0x00007ffabf610000 - 0x00007ffabf62f000 	C:\Windows\SYSTEM32\dhcpcsvc.DLL
0x00007ffac5790000 - 0x00007ffac5888000 	C:\Windows\SYSTEM32\DNSAPI.dll
0x00007ffaabbc0000 - 0x00007ffaabbca000 	C:\Program Files\Java\jdk-17\bin\management.dll
0x00007ffaab380000 - 0x00007ffaab38b000 	C:\Program Files\Java\jdk-17\bin\management_ext.dll
0x00007ffaa4c60000 - 0x00007ffaa4c6a000 	C:\Windows\System32\rasadhlp.dll
0x00007ffabda90000 - 0x00007ffabdb13000 	C:\Windows\System32\fwpuclnt.dll

dbghelp: loaded successfully - version: 4.0.5 - missing functions: none
symbol engine: initialized successfully - sym options: 0x614 - pdb path: .;C:\Program Files\Java\jdk-17\bin;C:\Windows\SYSTEM32;C:\Windows\WinSxS\amd64_microsoft.windows.common-controls_6595b64144ccf1df_6.0.22621.3672_none_2713b9d173822955;C:\Program Files (x86)\360\Total Security\safemon;C:\Program Files\Java\jdk-17\bin\server

VM Arguments:
jvm_args: -agentlib:jdwp=transport=dt_socket,server=n,suspend=y,address=127.0.0.1:50801 -Dfile.encoding=windows-1252 -Duser.country=US -Duser.language=en -Duser.variant 
java_command: com.tangle.payrollapp.PayrollmanagmentapplicationApplication
java_class_path (initial): E:\payroll\payrollmanagmentapplication (1)\payrollmanagmentapplication\build\classes\java\main;E:\payroll\payrollmanagmentapplication (1)\payrollmanagmentapplication\build\resources\main;C:\Users\HP\.gradle\caches\modules-2\files-2.1\org.springframework.boot\spring-boot-starter-data-mongodb\3.3.2\ece0d68c3d29102dc693162d48bb7a8ed0ce0d6\spring-boot-starter-data-mongodb-3.3.2.jar;C:\Users\HP\.gradle\caches\modules-2\files-2.1\org.springframework.boot\spring-boot-starter-web\3.3.2\720418538668a8742d0ae24097811d5250cf5c32\spring-boot-starter-web-3.3.2.jar;C:\Users\HP\.gradle\caches\modules-2\files-2.1\org.springframework.boot\spring-boot-starter-json\3.3.2\d8b8b73e7820092b4e41d730eeb968add7957c45\spring-boot-starter-json-3.3.2.jar;C:\Users\HP\.gradle\caches\modules-2\files-2.1\org.springframework.boot\spring-boot-starter\3.3.2\f9377a223dab5c4afe7aead05bf6ac567cf565ab\spring-boot-starter-3.3.2.jar;C:\Users\HP\.gradle\caches\modules-2\files-2.1\org.mongodb\mongodb-driver-sync\5.0.1\3723fc6a032986dc4cb1c4929bafa85ce9f93950\mongodb-driver-sync-5.0.1.jar;C:\Users\HP\.gradle\caches\modules-2\files-2.1\org.springframework.data\spring-data-mongodb\4.3.2\e4546834905ad2932df7da7f47634b3801d06af5\spring-data-mongodb-4.3.2.jar;C:\Users\HP\.gradle\caches\modules-2\files-2.1\org.springframework.boot\spring-boot-starter-tomcat\3.3.2\37ccb53cd5207fffd7a6fc1b591687f8cb1350df\spring-boot-starter-tomcat-3.3.2.jar;C:\Users\HP\.gradle\caches\modules-2\files-2.1\org.springframework\spring-webmvc\6.1.11\9ec4c2a5e28bf7b2d60e254e976940b12c8ba32a\spring-webmvc-6.1.11.jar;C:\Users\HP\.gradle\caches\modules-2\files-2.1\org.springframework\spring-web\6.1.11\8910d08f15492273543d2c8032b2b895e08ed9e\spring-web-6.1.11.jar;C:\Users\HP\.gradle\caches\modules-2\files-2.1\org.springframework.boot\spring-boot-autoconfigure\3.3.2\6a9ab910b00f0b504a5903e3680ac10018da6247\spring-boot-autoconfigure-3.3.2.jar;C:\Users\HP\.gradle\caches\modules-2\files-2.1\org.springframework.boot\spr
Launcher Type: SUN_STANDARD

[Global flags]
     intx CICompilerCount                          = 3                                         {product} {ergonomic}
     uint ConcGCThreads                            = 1                                         {product} {ergonomic}
     uint G1ConcRefinementThreads                  = 4                                         {product} {ergonomic}
   size_t G1HeapRegionSize                         = 1048576                                   {product} {ergonomic}
    uintx GCDrainStackTargetSize                   = 64                                        {product} {ergonomic}
   size_t InitialHeapSize                          = 65011712                                  {product} {ergonomic}
   size_t MarkStackSize                            = 4194304                                   {product} {ergonomic}
   size_t MaxHeapSize                              = 1017118720                                {product} {ergonomic}
   size_t MaxNewSize                               = 610271232                                 {product} {ergonomic}
   size_t MinHeapDeltaBytes                        = 1048576                                   {product} {ergonomic}
   size_t MinHeapSize                              = 8388608                                   {product} {ergonomic}
    uintx NonNMethodCodeHeapSize                   = 5832780                                {pd product} {ergonomic}
    uintx NonProfiledCodeHeapSize                  = 122912730                              {pd product} {ergonomic}
    uintx ProfiledCodeHeapSize                     = 122912730                              {pd product} {ergonomic}
    uintx ReservedCodeCacheSize                    = 251658240                              {pd product} {ergonomic}
     bool SegmentedCodeCache                       = true                                      {product} {ergonomic}
   size_t SoftMaxHeapSize                          = 1017118720                             {manageable} {ergonomic}
     bool UseCompressedClassPointers               = true                           {product lp64_product} {ergonomic}
     bool UseCompressedOops                        = true                           {product lp64_product} {ergonomic}
     bool UseG1GC                                  = true                                      {product} {ergonomic}
     bool UseLargePagesIndividualAllocation        = false                                  {pd product} {ergonomic}

Logging:
Log output configuration:
 #0: stdout all=warning uptime,level,tags
 #1: stderr all=off uptime,level,tags

Environment Variables:
JAVA_HOME=C:\Program Files\Java\jdk-17
PATH=C:\Program Files (x86)\Common Files\Oracle\Java\javapath;C:\Program Files\Common Files\Oracle\Java\javapath;C:\Windows\system32;C:\Windows;C:\Windows\System32\Wbem;C:\Windows\System32\WindowsPowerShell\v1.0\;C:\Windows\System32\OpenSSH\;C:\Program Files\Git\cmd;C:\Users\HP\AppData\Roaming\nvm;C:\Program Files\nodejs;C:\Program Files\Java\jdk-17;%JJAVA_HOME%\bin;C:\Users\HP\AppData\Local\Microsoft\WindowsApps;C:\Users\HP\AppData\Roaming\npm;C:\Users\HP\AppData\Local\Programs\Microsoft VS Code\bin;C:\Users\HP\AppData\Roaming\nvm;C:\Program Files\nodejs;C:\Program Files\Java\jdk-17;
USERNAME=HP
OS=Windows_NT
PROCESSOR_IDENTIFIER=Intel64 Family 6 Model 126 Stepping 5, GenuineIntel



---------------  S Y S T E M  ---------------

OS:
 Windows 11 , 64 bit Build 22621 (10.0.22621.3672)
OS uptime: 1 days 11:34 hours

CPU: total 4 (initial active 4) (2 cores per cpu, 2 threads per core) family 6 model 126 stepping 5 microcode 0xa0, cx8, cmov, fxsr, ht, mmx, 3dnowpref, sse, sse2, sse3, ssse3, sse4.1, sse4.2, popcnt, lzcnt, tsc, tscinvbit, avx, avx2, aes, erms, clmul, bmi1, bmi2, adx, avx512f, avx512dq, avx512cd, avx512bw, avx512vl, sha, fma, vzeroupper, avx512_vpopcntdq, avx512_vpclmulqdq, avx512_vaes, avx512_vnni, clflush, clflushopt, avx512_vbmi2, avx512_vbmi

Memory: 4k page, system-wide physical 3877M (116M free)
TotalPageFile size 15653M (AvailPageFile size 4M)
current process WorkingSet (physical memory assigned to process): 108M, peak: 147M
current process commit charge ("private bytes"): 195M, peak: 203M

vm_info: Java HotSpot(TM) 64-Bit Server VM (17.0.12+8-LTS-286) for windows-amd64 JRE (17.0.12+8-LTS-286), built on Jun  5 2024 06:46:59 by "mach5one" with MS VC++ 17.6 (VS2022)

END.
